{"/Users/cpconnor/projects/mindmeld-fresh/frontend/src/components/Button.tsx": {"path":"/Users/cpconnor/projects/mindmeld-fresh/frontend/src/components/Button.tsx","statementMap":{"0":{"start":{"line":1,"column":0},"end":{"line":1,"column":26}},"1":{"start":{"line":2,"column":0},"end":{"line":2,"column":24}},"2":{"start":{"line":20,"column":45},"end":{"line":58,"column":1}},"3":{"start":{"line":26,"column":25},"end":{"line":26,"column":null}},"4":{"start":{"line":27,"column":9},"end":{"line":28,"column":3}},"5":{"start":{"line":29,"column":21},"end":{"line":29,"column":40}},"6":{"start":{"line":30,"column":16},"end":{"line":30,"column":48}},"7":{"start":{"line":31,"column":2},"end":{"line":57,"column":4}},"8":{"start":{"line":20,"column":13},"end":{"line":20,"column":45}}},"fnMap":{"0":{"name":"(anonymous_2)","decl":{"start":{"line":20,"column":45},"end":{"line":20,"column":46}},"loc":{"start":{"line":28,"column":5},"end":{"line":58,"column":1}}}},"branchMap":{"0":{"loc":{"start":{"line":21,"column":2},"end":{"line":21,"column":21}},"type":"default-arg","locations":[{"start":{"line":21,"column":12},"end":{"line":21,"column":21}}]},"1":{"loc":{"start":{"line":22,"column":2},"end":{"line":22,"column":13}},"type":"default-arg","locations":[{"start":{"line":22,"column":9},"end":{"line":22,"column":13}}]},"2":{"loc":{"start":{"line":23,"column":2},"end":{"line":23,"column":17}},"type":"default-arg","locations":[{"start":{"line":23,"column":12},"end":{"line":23,"column":17}}]},"3":{"loc":{"start":{"line":29,"column":21},"end":{"line":29,"column":40}},"type":"binary-expr","locations":[{"start":{"line":29,"column":21},"end":{"line":29,"column":29}},{"start":{"line":29,"column":33},"end":{"line":29,"column":40}}]},"4":{"loc":{"start":{"line":30,"column":16},"end":{"line":30,"column":48}},"type":"cond-expr","locations":[{"start":{"line":30,"column":26},"end":{"line":30,"column":36}},{"start":{"line":30,"column":39},"end":{"line":30,"column":48}}]},"5":{"loc":{"start":{"line":48,"column":17},"end":{"line":48,"column":45}},"type":"cond-expr","locations":[{"start":{"line":48,"column":27},"end":{"line":48,"column":33}},{"start":{"line":48,"column":36},"end":{"line":48,"column":45}}]},"6":{"loc":{"start":{"line":52,"column":7},"end":{"line":53,"column":null}},"type":"binary-expr","locations":[{"start":{"line":52,"column":7},"end":{"line":52,"column":14}},{"start":{"line":53,"column":8},"end":{"line":53,"column":129}}]}},"s":{"0":1,"1":1,"2":1,"3":3,"4":3,"5":3,"6":3,"7":3,"8":1},"f":{"0":3},"b":{"0":[2],"1":[3],"2":[2],"3":[3,3],"4":[1,2],"5":[1,2],"6":[3,1]}}
}
